{"/Users/toor/Documents/sem/Open Source Web Programming/pro/Final_Project/src/index.ts": {"path":"/Users/toor/Documents/sem/Open Source Web Programming/pro/Final_Project/src/index.ts","statementMap":{"0":{"start":{"line":1,"column":0},"end":{"line":1,"column":30}},"1":{"start":{"line":2,"column":0},"end":{"line":2,"column":33}},"2":{"start":{"line":3,"column":0},"end":{"line":3,"column":24}},"3":{"start":{"line":4,"column":0},"end":{"line":4,"column":50}},"4":{"start":{"line":5,"column":0},"end":{"line":5,"column":50}},"5":{"start":{"line":6,"column":0},"end":{"line":6,"column":52}},"6":{"start":{"line":7,"column":0},"end":{"line":7,"column":66}},"7":{"start":{"line":9,"column":12},"end":{"line":9,"column":21}},"8":{"start":{"line":10,"column":0},"end":{"line":10,"column":49}},"9":{"start":{"line":11,"column":0},"end":{"line":11,"column":16}},"10":{"start":{"line":12,"column":0},"end":{"line":12,"column":24}},"11":{"start":{"line":14,"column":0},"end":{"line":14,"column":16}},"12":{"start":{"line":15,"column":0},"end":{"line":15,"column":14}},"13":{"start":{"line":17,"column":0},"end":{"line":19,"column":3}},"14":{"start":{"line":18,"column":2},"end":{"line":18,"column":50}},"15":{"start":{"line":21,"column":0},"end":{"line":21,"column":29}},"16":{"start":{"line":22,"column":0},"end":{"line":22,"column":30}},"17":{"start":{"line":23,"column":0},"end":{"line":23,"column":31}},"18":{"start":{"line":25,"column":13},"end":{"line":25,"column":17}},"19":{"start":{"line":27,"column":0},"end":{"line":31,"column":null}},"20":{"start":{"line":28,"column":2},"end":{"line":30,"column":5}},"21":{"start":{"line":29,"column":4},"end":{"line":29,"column":49}},"22":{"start":{"line":33,"column":0},"end":{"line":33,"column":19}}},"fnMap":{"0":{"name":"(anonymous_1)","decl":{"start":{"line":17,"column":24},"end":{"line":17,"column":25}},"loc":{"start":{"line":17,"column":38},"end":{"line":19,"column":1}}},"1":{"name":"(anonymous_2)","decl":{"start":{"line":28,"column":19},"end":{"line":28,"column":22}},"loc":{"start":{"line":28,"column":24},"end":{"line":30,"column":3}}}},"branchMap":{"0":{"loc":{"start":{"line":27,"column":0},"end":{"line":31,"column":null}},"type":"if","locations":[{"start":{"line":27,"column":0},"end":{"line":31,"column":null}}]}},"s":{"0":5,"1":5,"2":5,"3":5,"4":5,"5":5,"6":5,"7":5,"8":5,"9":5,"10":5,"11":5,"12":5,"13":5,"14":1,"15":5,"16":5,"17":5,"18":5,"19":5,"20":0,"21":0,"22":5},"f":{"0":1,"1":0},"b":{"0":[0]}}
,"/Users/toor/Documents/sem/Open Source Web Programming/pro/Final_Project/src/config/config.ts": {"path":"/Users/toor/Documents/sem/Open Source Web Programming/pro/Final_Project/src/config/config.ts","statementMap":{"0":{"start":{"line":1,"column":0},"end":{"line":1,"column":33}},"1":{"start":{"line":3,"column":0},"end":{"line":3,"column":42}},"2":{"start":{"line":5,"column":20},"end":{"line":5,"column":57}},"3":{"start":{"line":6,"column":19},"end":{"line":6,"column":47}},"4":{"start":{"line":7,"column":23},"end":{"line":7,"column":55}},"5":{"start":{"line":8,"column":19},"end":{"line":8,"column":51}},"6":{"start":{"line":9,"column":18},"end":{"line":9,"column":75}},"7":{"start":{"line":11,"column":13},"end":{"line":16,"column":null}}},"fnMap":{},"branchMap":{"0":{"loc":{"start":{"line":5,"column":20},"end":{"line":5,"column":57}},"type":"cond-expr","locations":[{"start":{"line":5,"column":40},"end":{"line":5,"column":44}},{"start":{"line":5,"column":44},"end":{"line":5,"column":57}}]},"1":{"loc":{"start":{"line":5,"column":20},"end":{"line":5,"column":44}},"type":"binary-expr","locations":[{"start":{"line":5,"column":20},"end":{"line":5,"column":44}},{"start":{"line":5,"column":40},"end":{"line":5,"column":44}}]},"2":{"loc":{"start":{"line":6,"column":19},"end":{"line":6,"column":47}},"type":"cond-expr","locations":[{"start":{"line":6,"column":41},"end":{"line":6,"column":45}},{"start":{"line":6,"column":45},"end":{"line":6,"column":47}}]},"3":{"loc":{"start":{"line":6,"column":19},"end":{"line":6,"column":45}},"type":"binary-expr","locations":[{"start":{"line":6,"column":19},"end":{"line":6,"column":45}},{"start":{"line":6,"column":41},"end":{"line":6,"column":45}}]},"4":{"loc":{"start":{"line":7,"column":23},"end":{"line":7,"column":55}},"type":"cond-expr","locations":[{"start":{"line":7,"column":49},"end":{"line":7,"column":53}},{"start":{"line":7,"column":53},"end":{"line":7,"column":55}}]},"5":{"loc":{"start":{"line":7,"column":23},"end":{"line":7,"column":53}},"type":"binary-expr","locations":[{"start":{"line":7,"column":23},"end":{"line":7,"column":53}},{"start":{"line":7,"column":49},"end":{"line":7,"column":53}}]},"6":{"loc":{"start":{"line":8,"column":19},"end":{"line":8,"column":51}},"type":"cond-expr","locations":[{"start":{"line":8,"column":45},"end":{"line":8,"column":49}},{"start":{"line":8,"column":49},"end":{"line":8,"column":51}}]},"7":{"loc":{"start":{"line":8,"column":19},"end":{"line":8,"column":49}},"type":"binary-expr","locations":[{"start":{"line":8,"column":19},"end":{"line":8,"column":49}},{"start":{"line":8,"column":45},"end":{"line":8,"column":49}}]}},"s":{"0":5,"1":5,"2":5,"3":5,"4":5,"5":5,"6":5,"7":5},"f":{},"b":{"0":[5,0],"1":[5,5],"2":[0,5],"3":[5,5],"4":[0,5],"5":[5,5],"6":[0,5],"7":[5,5]}}
,"/Users/toor/Documents/sem/Open Source Web Programming/pro/Final_Project/src/config/logger.ts": {"path":"/Users/toor/Documents/sem/Open Source Web Programming/pro/Final_Project/src/config/logger.ts","statementMap":{"0":{"start":{"line":1,"column":0},"end":{"line":1,"column":30}},"1":{"start":{"line":3,"column":15},"end":{"line":16,"column":2}},"2":{"start":{"line":8,"column":6},"end":{"line":8,"column":65}},"3":{"start":{"line":18,"column":0},"end":{"line":18,"column":22}}},"fnMap":{"0":{"name":"(anonymous_1)","decl":{"start":{"line":7,"column":26},"end":{"line":7,"column":27}},"loc":{"start":{"line":7,"column":60},"end":{"line":9,"column":5}}}},"branchMap":{},"s":{"0":5,"1":5,"2":6,"3":5},"f":{"0":6},"b":{}}
,"/Users/toor/Documents/sem/Open Source Web Programming/pro/Final_Project/src/infrastructure/mongodb/connection.ts": {"path":"/Users/toor/Documents/sem/Open Source Web Programming/pro/Final_Project/src/infrastructure/mongodb/connection.ts","statementMap":{"0":{"start":{"line":1,"column":0},"end":{"line":1,"column":49}},"1":{"start":{"line":2,"column":0},"end":{"line":2,"column":42}},"2":{"start":{"line":4,"column":16},"end":{"line":4,"column":32}},"3":{"start":{"line":6,"column":27},"end":{"line":16,"column":null}},"4":{"start":{"line":6,"column":38},"end":{"line":16,"column":null}},"5":{"start":{"line":7,"column":2},"end":{"line":15,"column":null}},"6":{"start":{"line":8,"column":4},"end":{"line":8,"column":30}},"7":{"start":{"line":9,"column":4},"end":{"line":9,"column":54}},"8":{"start":{"line":14,"column":4},"end":{"line":14,"column":30}},"9":{"start":{"line":6,"column":13},"end":{"line":6,"column":27}}},"fnMap":{"0":{"name":"(anonymous_7)","decl":{"start":{"line":6,"column":27},"end":{"line":6,"column":36}},"loc":{"start":{"line":6,"column":38},"end":{"line":16,"column":null}}},"1":{"name":"(anonymous_8)","decl":{"start":{"line":6,"column":38},"end":{"line":6,"column":null}},"loc":{"start":{"line":6,"column":38},"end":{"line":16,"column":1}}}},"branchMap":{},"s":{"0":5,"1":5,"2":5,"3":5,"4":5,"5":5,"6":5,"7":0,"8":5,"9":5},"f":{"0":5,"1":5},"b":{}}
,"/Users/toor/Documents/sem/Open Source Web Programming/pro/Final_Project/src/infrastructure/mongodb/models/comment.ts": {"path":"/Users/toor/Documents/sem/Open Source Web Programming/pro/Final_Project/src/infrastructure/mongodb/models/comment.ts","statementMap":{"0":{"start":{"line":1,"column":0},"end":{"line":1,"column":54}},"1":{"start":{"line":9,"column":22},"end":{"line":13,"column":24}},"2":{"start":{"line":15,"column":13},"end":{"line":15,"column":74}}},"fnMap":{},"branchMap":{},"s":{"0":5,"1":5,"2":5},"f":{},"b":{}}
,"/Users/toor/Documents/sem/Open Source Web Programming/pro/Final_Project/src/infrastructure/mongodb/models/post.ts": {"path":"/Users/toor/Documents/sem/Open Source Web Programming/pro/Final_Project/src/infrastructure/mongodb/models/post.ts","statementMap":{"0":{"start":{"line":1,"column":0},"end":{"line":1,"column":54}},"1":{"start":{"line":9,"column":19},"end":{"line":13,"column":24}},"2":{"start":{"line":15,"column":13},"end":{"line":15,"column":62}}},"fnMap":{},"branchMap":{},"s":{"0":5,"1":5,"2":5},"f":{},"b":{}}
,"/Users/toor/Documents/sem/Open Source Web Programming/pro/Final_Project/src/infrastructure/mongodb/models/postLike.ts": {"path":"/Users/toor/Documents/sem/Open Source Web Programming/pro/Final_Project/src/infrastructure/mongodb/models/postLike.ts","statementMap":{"0":{"start":{"line":1,"column":0},"end":{"line":1,"column":54}},"1":{"start":{"line":8,"column":23},"end":{"line":11,"column":24}},"2":{"start":{"line":13,"column":13},"end":{"line":13,"column":78}}},"fnMap":{},"branchMap":{},"s":{"0":5,"1":5,"2":5},"f":{},"b":{}}
,"/Users/toor/Documents/sem/Open Source Web Programming/pro/Final_Project/src/infrastructure/mongodb/models/user.ts": {"path":"/Users/toor/Documents/sem/Open Source Web Programming/pro/Final_Project/src/infrastructure/mongodb/models/user.ts","statementMap":{"0":{"start":{"line":1,"column":0},"end":{"line":1,"column":54}},"1":{"start":{"line":10,"column":19},"end":{"line":15,"column":24}},"2":{"start":{"line":17,"column":13},"end":{"line":17,"column":62}}},"fnMap":{},"branchMap":{},"s":{"0":5,"1":5,"2":5},"f":{},"b":{}}
,"/Users/toor/Documents/sem/Open Source Web Programming/pro/Final_Project/src/middleware/authMiddleware.ts": {"path":"/Users/toor/Documents/sem/Open Source Web Programming/pro/Final_Project/src/middleware/authMiddleware.ts","statementMap":{"0":{"start":{"line":2,"column":0},"end":{"line":2,"column":31}},"1":{"start":{"line":8,"column":28},"end":{"line":28,"column":1}},"2":{"start":{"line":9,"column":21},"end":{"line":9,"column":46}},"3":{"start":{"line":11,"column":2},"end":{"line":14,"column":null}},"4":{"start":{"line":12,"column":4},"end":{"line":12,"column":59}},"5":{"start":{"line":13,"column":4},"end":{"line":13,"column":11}},"6":{"start":{"line":16,"column":16},"end":{"line":16,"column":40}},"7":{"start":{"line":18,"column":2},"end":{"line":27,"column":null}},"8":{"start":{"line":19,"column":19},"end":{"line":19,"column":41}},"9":{"start":{"line":20,"column":4},"end":{"line":20,"column":62}},"10":{"start":{"line":20,"column":17},"end":{"line":20,"column":62}},"11":{"start":{"line":22,"column":20},"end":{"line":22,"column":78}},"12":{"start":{"line":23,"column":4},"end":{"line":23,"column":55}},"13":{"start":{"line":24,"column":4},"end":{"line":24,"column":11}},"14":{"start":{"line":26,"column":4},"end":{"line":26,"column":66}},"15":{"start":{"line":8,"column":13},"end":{"line":8,"column":28}},"16":{"start":{"line":30,"column":28},"end":{"line":36,"column":1}},"17":{"start":{"line":31,"column":2},"end":{"line":34,"column":null}},"18":{"start":{"line":32,"column":4},"end":{"line":32,"column":63}},"19":{"start":{"line":33,"column":4},"end":{"line":33,"column":11}},"20":{"start":{"line":35,"column":2},"end":{"line":35,"column":9}},"21":{"start":{"line":30,"column":13},"end":{"line":30,"column":28}}},"fnMap":{"0":{"name":"(anonymous_1)","decl":{"start":{"line":8,"column":28},"end":{"line":8,"column":29}},"loc":{"start":{"line":8,"column":90},"end":{"line":28,"column":1}}},"1":{"name":"(anonymous_2)","decl":{"start":{"line":30,"column":28},"end":{"line":30,"column":29}},"loc":{"start":{"line":30,"column":90},"end":{"line":36,"column":1}}}},"branchMap":{"0":{"loc":{"start":{"line":11,"column":2},"end":{"line":14,"column":null}},"type":"if","locations":[{"start":{"line":11,"column":2},"end":{"line":14,"column":null}}]},"1":{"loc":{"start":{"line":11,"column":6},"end":{"line":11,"column":54}},"type":"binary-expr","locations":[{"start":{"line":11,"column":6},"end":{"line":11,"column":17}},{"start":{"line":11,"column":21},"end":{"line":11,"column":54}}]},"2":{"loc":{"start":{"line":20,"column":4},"end":{"line":20,"column":62}},"type":"if","locations":[{"start":{"line":20,"column":4},"end":{"line":20,"column":62}}]},"3":{"loc":{"start":{"line":31,"column":2},"end":{"line":34,"column":null}},"type":"if","locations":[{"start":{"line":31,"column":2},"end":{"line":34,"column":null}}]},"4":{"loc":{"start":{"line":31,"column":6},"end":{"line":31,"column":20}},"type":"cond-expr","locations":[{"start":{"line":31,"column":14},"end":{"line":31,"column":16}},{"start":{"line":31,"column":14},"end":{"line":31,"column":20}}]},"5":{"loc":{"start":{"line":31,"column":6},"end":{"line":31,"column":16}},"type":"binary-expr","locations":[{"start":{"line":31,"column":6},"end":{"line":31,"column":16}},{"start":{"line":31,"column":14},"end":{"line":31,"column":16}}]}},"s":{"0":6,"1":6,"2":30,"3":30,"4":5,"5":5,"6":25,"7":25,"8":25,"9":25,"10":2,"11":23,"12":22,"13":22,"14":3,"15":6,"16":6,"17":6,"18":3,"19":3,"20":3,"21":6},"f":{"0":30,"1":6},"b":{"0":[5],"1":[30,26],"2":[2],"3":[3],"4":[0,6],"5":[6,6]}}
,"/Users/toor/Documents/sem/Open Source Web Programming/pro/Final_Project/src/ports/rest/routes/admin.ts": {"path":"/Users/toor/Documents/sem/Open Source Web Programming/pro/Final_Project/src/ports/rest/routes/admin.ts","statementMap":{"0":{"start":{"line":1,"column":0},"end":{"line":1,"column":44}},"1":{"start":{"line":2,"column":0},"end":{"line":2,"column":67}},"2":{"start":{"line":3,"column":0},"end":{"line":3,"column":67}},"3":{"start":{"line":4,"column":0},"end":{"line":4,"column":73}},"4":{"start":{"line":5,"column":0},"end":{"line":5,"column":75}},"5":{"start":{"line":6,"column":0},"end":{"line":6,"column":93}},"6":{"start":{"line":7,"column":0},"end":{"line":7,"column":44}},"7":{"start":{"line":9,"column":15},"end":{"line":9,"column":31}},"8":{"start":{"line":12,"column":0},"end":{"line":27,"column":3}},"9":{"start":{"line":12,"column":92},"end":{"line":27,"column":2}},"10":{"start":{"line":13,"column":2},"end":{"line":26,"column":null}},"11":{"start":{"line":14,"column":64},"end":{"line":19,"column":6}},"12":{"start":{"line":21,"column":4},"end":{"line":21,"column":39}},"13":{"start":{"line":22,"column":4},"end":{"line":22,"column":80}},"14":{"start":{"line":24,"column":4},"end":{"line":24,"column":72}},"15":{"start":{"line":25,"column":4},"end":{"line":25,"column":64}},"16":{"start":{"line":30,"column":0},"end":{"line":38,"column":3}},"17":{"start":{"line":30,"column":92},"end":{"line":38,"column":2}},"18":{"start":{"line":31,"column":2},"end":{"line":37,"column":null}},"19":{"start":{"line":32,"column":18},"end":{"line":32,"column":82}},"20":{"start":{"line":33,"column":4},"end":{"line":33,"column":32}},"21":{"start":{"line":35,"column":4},"end":{"line":35,"column":72}},"22":{"start":{"line":36,"column":4},"end":{"line":36,"column":64}},"23":{"start":{"line":40,"column":0},"end":{"line":40,"column":22}}},"fnMap":{"0":{"name":"(anonymous_8)","decl":{"start":{"line":12,"column":49},"end":{"line":12,"column":56}},"loc":{"start":{"line":12,"column":92},"end":{"line":27,"column":2}}},"1":{"name":"(anonymous_9)","decl":{"start":{"line":12,"column":92},"end":{"line":12,"column":null}},"loc":{"start":{"line":12,"column":92},"end":{"line":27,"column":1}}},"2":{"name":"(anonymous_10)","decl":{"start":{"line":30,"column":49},"end":{"line":30,"column":56}},"loc":{"start":{"line":30,"column":92},"end":{"line":38,"column":2}}},"3":{"name":"(anonymous_11)","decl":{"start":{"line":30,"column":92},"end":{"line":30,"column":null}},"loc":{"start":{"line":30,"column":92},"end":{"line":38,"column":1}}}},"branchMap":{},"s":{"0":5,"1":5,"2":5,"3":5,"4":5,"5":5,"6":5,"7":5,"8":5,"9":1,"10":1,"11":1,"12":1,"13":1,"14":0,"15":0,"16":5,"17":1,"18":1,"19":1,"20":1,"21":0,"22":0,"23":5},"f":{"0":1,"1":1,"2":1,"3":1},"b":{}}
,"/Users/toor/Documents/sem/Open Source Web Programming/pro/Final_Project/src/ports/rest/routes/comment.ts": {"path":"/Users/toor/Documents/sem/Open Source Web Programming/pro/Final_Project/src/ports/rest/routes/comment.ts","statementMap":{"0":{"start":{"line":1,"column":0},"end":{"line":1,"column":67}},"1":{"start":{"line":2,"column":0},"end":{"line":2,"column":73}},"2":{"start":{"line":3,"column":0},"end":{"line":3,"column":79}},"3":{"start":{"line":4,"column":0},"end":{"line":4,"column":44}},"4":{"start":{"line":6,"column":15},"end":{"line":6,"column":52}},"5":{"start":{"line":9,"column":0},"end":{"line":17,"column":3}},"6":{"start":{"line":9,"column":74},"end":{"line":17,"column":2}},"7":{"start":{"line":10,"column":2},"end":{"line":16,"column":null}},"8":{"start":{"line":11,"column":21},"end":{"line":11,"column":93}},"9":{"start":{"line":12,"column":4},"end":{"line":12,"column":35}},"10":{"start":{"line":14,"column":4},"end":{"line":14,"column":68}},"11":{"start":{"line":15,"column":4},"end":{"line":15,"column":64}},"12":{"start":{"line":20,"column":0},"end":{"line":33,"column":3}},"13":{"start":{"line":20,"column":94},"end":{"line":33,"column":2}},"14":{"start":{"line":21,"column":2},"end":{"line":32,"column":null}},"15":{"start":{"line":22,"column":20},"end":{"line":26,"column":6}},"16":{"start":{"line":27,"column":4},"end":{"line":27,"column":64}},"17":{"start":{"line":28,"column":4},"end":{"line":28,"column":34}},"18":{"start":{"line":30,"column":4},"end":{"line":30,"column":68}},"19":{"start":{"line":31,"column":4},"end":{"line":31,"column":64}},"20":{"start":{"line":36,"column":0},"end":{"line":53,"column":3}},"21":{"start":{"line":36,"column":82},"end":{"line":53,"column":2}},"22":{"start":{"line":37,"column":2},"end":{"line":52,"column":null}},"23":{"start":{"line":38,"column":20},"end":{"line":38,"column":64}},"24":{"start":{"line":39,"column":4},"end":{"line":39,"column":null}},"25":{"start":{"line":39,"column":20},"end":{"line":39,"column":75}},"26":{"start":{"line":39,"column":76},"end":{"line":39,"column":83}},"27":{"start":{"line":41,"column":4},"end":{"line":43,"column":null}},"28":{"start":{"line":42,"column":6},"end":{"line":42,"column":58}},"29":{"start":{"line":42,"column":59},"end":{"line":42,"column":66}},"30":{"start":{"line":45,"column":4},"end":{"line":45,"column":49}},"31":{"start":{"line":46,"column":4},"end":{"line":46,"column":25}},"32":{"start":{"line":47,"column":4},"end":{"line":47,"column":59}},"33":{"start":{"line":48,"column":4},"end":{"line":48,"column":34}},"34":{"start":{"line":50,"column":4},"end":{"line":50,"column":67}},"35":{"start":{"line":51,"column":4},"end":{"line":51,"column":64}},"36":{"start":{"line":56,"column":0},"end":{"line":72,"column":3}},"37":{"start":{"line":56,"column":85},"end":{"line":72,"column":2}},"38":{"start":{"line":57,"column":2},"end":{"line":71,"column":null}},"39":{"start":{"line":58,"column":20},"end":{"line":58,"column":64}},"40":{"start":{"line":59,"column":4},"end":{"line":59,"column":null}},"41":{"start":{"line":59,"column":20},"end":{"line":59,"column":75}},"42":{"start":{"line":59,"column":76},"end":{"line":59,"column":83}},"43":{"start":{"line":61,"column":4},"end":{"line":63,"column":null}},"44":{"start":{"line":62,"column":6},"end":{"line":62,"column":58}},"45":{"start":{"line":62,"column":59},"end":{"line":62,"column":66}},"46":{"start":{"line":65,"column":4},"end":{"line":65,"column":30}},"47":{"start":{"line":66,"column":4},"end":{"line":66,"column":59}},"48":{"start":{"line":67,"column":4},"end":{"line":67,"column":57}},"49":{"start":{"line":69,"column":4},"end":{"line":69,"column":70}},"50":{"start":{"line":70,"column":4},"end":{"line":70,"column":64}},"51":{"start":{"line":74,"column":0},"end":{"line":74,"column":22}}},"fnMap":{"0":{"name":"(anonymous_8)","decl":{"start":{"line":9,"column":16},"end":{"line":9,"column":23}},"loc":{"start":{"line":9,"column":74},"end":{"line":17,"column":2}}},"1":{"name":"(anonymous_9)","decl":{"start":{"line":9,"column":74},"end":{"line":9,"column":null}},"loc":{"start":{"line":9,"column":74},"end":{"line":17,"column":1}}},"2":{"name":"(anonymous_10)","decl":{"start":{"line":20,"column":31},"end":{"line":20,"column":38}},"loc":{"start":{"line":20,"column":94},"end":{"line":33,"column":2}}},"3":{"name":"(anonymous_11)","decl":{"start":{"line":20,"column":94},"end":{"line":20,"column":null}},"loc":{"start":{"line":20,"column":94},"end":{"line":33,"column":1}}},"4":{"name":"(anonymous_12)","decl":{"start":{"line":36,"column":40},"end":{"line":36,"column":47}},"loc":{"start":{"line":36,"column":82},"end":{"line":53,"column":2}}},"5":{"name":"(anonymous_13)","decl":{"start":{"line":36,"column":82},"end":{"line":36,"column":null}},"loc":{"start":{"line":36,"column":82},"end":{"line":53,"column":1}}},"6":{"name":"(anonymous_14)","decl":{"start":{"line":56,"column":43},"end":{"line":56,"column":50}},"loc":{"start":{"line":56,"column":85},"end":{"line":72,"column":2}}},"7":{"name":"(anonymous_15)","decl":{"start":{"line":56,"column":85},"end":{"line":56,"column":null}},"loc":{"start":{"line":56,"column":85},"end":{"line":72,"column":1}}}},"branchMap":{"0":{"loc":{"start":{"line":39,"column":4},"end":{"line":39,"column":null}},"type":"if","locations":[{"start":{"line":39,"column":4},"end":{"line":39,"column":null}}]},"1":{"loc":{"start":{"line":41,"column":4},"end":{"line":43,"column":null}},"type":"if","locations":[{"start":{"line":41,"column":4},"end":{"line":43,"column":null}}]},"2":{"loc":{"start":{"line":41,"column":8},"end":{"line":41,"column":71}},"type":"binary-expr","locations":[{"start":{"line":41,"column":8},"end":{"line":41,"column":41}},{"start":{"line":41,"column":45},"end":{"line":41,"column":71}}]},"3":{"loc":{"start":{"line":45,"column":19},"end":{"line":45,"column":48}},"type":"cond-expr","locations":[{"start":{"line":45,"column":32},"end":{"line":45,"column":36}},{"start":{"line":45,"column":36},"end":{"line":45,"column":48}}]},"4":{"loc":{"start":{"line":45,"column":19},"end":{"line":45,"column":36}},"type":"binary-expr","locations":[{"start":{"line":45,"column":19},"end":{"line":45,"column":36}},{"start":{"line":45,"column":32},"end":{"line":45,"column":36}}]},"5":{"loc":{"start":{"line":59,"column":4},"end":{"line":59,"column":null}},"type":"if","locations":[{"start":{"line":59,"column":4},"end":{"line":59,"column":null}}]},"6":{"loc":{"start":{"line":61,"column":4},"end":{"line":63,"column":null}},"type":"if","locations":[{"start":{"line":61,"column":4},"end":{"line":63,"column":null}}]},"7":{"loc":{"start":{"line":61,"column":8},"end":{"line":61,"column":71}},"type":"binary-expr","locations":[{"start":{"line":61,"column":8},"end":{"line":61,"column":41}},{"start":{"line":61,"column":45},"end":{"line":61,"column":71}}]}},"s":{"0":5,"1":5,"2":5,"3":5,"4":5,"5":5,"6":2,"7":2,"8":2,"9":1,"10":1,"11":1,"12":5,"13":1,"14":1,"15":1,"16":1,"17":1,"18":0,"19":0,"20":5,"21":4,"22":4,"23":4,"24":4,"25":1,"26":1,"27":3,"28":1,"29":1,"30":2,"31":2,"32":2,"33":2,"34":0,"35":0,"36":5,"37":2,"38":2,"39":2,"40":2,"41":0,"42":0,"43":2,"44":1,"45":1,"46":1,"47":1,"48":1,"49":0,"50":0,"51":5},"f":{"0":2,"1":2,"2":1,"3":1,"4":4,"5":4,"6":2,"7":2},"b":{"0":[1],"1":[1],"2":[3,2],"3":[2,0],"4":[2,2],"5":[0],"6":[1],"7":[2,1]}}
,"/Users/toor/Documents/sem/Open Source Web Programming/pro/Final_Project/src/ports/rest/routes/post.ts": {"path":"/Users/toor/Documents/sem/Open Source Web Programming/pro/Final_Project/src/ports/rest/routes/post.ts","statementMap":{"0":{"start":{"line":1,"column":0},"end":{"line":1,"column":67}},"1":{"start":{"line":2,"column":0},"end":{"line":2,"column":67}},"2":{"start":{"line":3,"column":0},"end":{"line":3,"column":75}},"3":{"start":{"line":4,"column":0},"end":{"line":4,"column":79}},"4":{"start":{"line":5,"column":0},"end":{"line":5,"column":38}},"5":{"start":{"line":7,"column":15},"end":{"line":7,"column":31}},"6":{"start":{"line":10,"column":0},"end":{"line":17,"column":3}},"7":{"start":{"line":10,"column":76},"end":{"line":17,"column":2}},"8":{"start":{"line":11,"column":2},"end":{"line":16,"column":null}},"9":{"start":{"line":12,"column":18},"end":{"line":12,"column":59}},"10":{"start":{"line":13,"column":4},"end":{"line":13,"column":32}},"11":{"start":{"line":15,"column":4},"end":{"line":15,"column":64}},"12":{"start":{"line":20,"column":0},"end":{"line":28,"column":3}},"13":{"start":{"line":20,"column":57},"end":{"line":28,"column":2}},"14":{"start":{"line":21,"column":2},"end":{"line":27,"column":null}},"15":{"start":{"line":22,"column":17},"end":{"line":22,"column":51}},"16":{"start":{"line":23,"column":4},"end":{"line":23,"column":null}},"17":{"start":{"line":23,"column":17},"end":{"line":23,"column":69}},"18":{"start":{"line":23,"column":70},"end":{"line":23,"column":77}},"19":{"start":{"line":24,"column":4},"end":{"line":24,"column":31}},"20":{"start":{"line":26,"column":4},"end":{"line":26,"column":64}},"21":{"start":{"line":31,"column":0},"end":{"line":42,"column":3}},"22":{"start":{"line":31,"column":73},"end":{"line":42,"column":2}},"23":{"start":{"line":32,"column":2},"end":{"line":41,"column":null}},"24":{"start":{"line":33,"column":17},"end":{"line":37,"column":6}},"25":{"start":{"line":38,"column":4},"end":{"line":38,"column":31}},"26":{"start":{"line":40,"column":4},"end":{"line":40,"column":64}},"27":{"start":{"line":45,"column":0},"end":{"line":61,"column":3}},"28":{"start":{"line":45,"column":75},"end":{"line":61,"column":2}},"29":{"start":{"line":46,"column":2},"end":{"line":60,"column":null}},"30":{"start":{"line":47,"column":17},"end":{"line":47,"column":51}},"31":{"start":{"line":48,"column":4},"end":{"line":48,"column":null}},"32":{"start":{"line":48,"column":17},"end":{"line":48,"column":69}},"33":{"start":{"line":48,"column":70},"end":{"line":48,"column":77}},"34":{"start":{"line":50,"column":4},"end":{"line":52,"column":null}},"35":{"start":{"line":51,"column":6},"end":{"line":51,"column":58}},"36":{"start":{"line":51,"column":59},"end":{"line":51,"column":66}},"37":{"start":{"line":54,"column":4},"end":{"line":54,"column":46}},"38":{"start":{"line":55,"column":4},"end":{"line":55,"column":43}},"39":{"start":{"line":56,"column":4},"end":{"line":56,"column":22}},"40":{"start":{"line":57,"column":4},"end":{"line":57,"column":31}},"41":{"start":{"line":59,"column":4},"end":{"line":59,"column":64}},"42":{"start":{"line":64,"column":0},"end":{"line":76,"column":3}},"43":{"start":{"line":64,"column":81},"end":{"line":76,"column":2}},"44":{"start":{"line":65,"column":2},"end":{"line":75,"column":null}},"45":{"start":{"line":66,"column":21},"end":{"line":66,"column":92}},"46":{"start":{"line":67,"column":4},"end":{"line":70,"column":null}},"47":{"start":{"line":68,"column":6},"end":{"line":68,"column":33}},"48":{"start":{"line":69,"column":6},"end":{"line":69,"column":56}},"49":{"start":{"line":69,"column":57},"end":{"line":69,"column":64}},"50":{"start":{"line":71,"column":4},"end":{"line":71,"column":75}},"51":{"start":{"line":72,"column":4},"end":{"line":72,"column":52}},"52":{"start":{"line":74,"column":4},"end":{"line":74,"column":64}},"53":{"start":{"line":79,"column":0},"end":{"line":79,"column":47}},"54":{"start":{"line":81,"column":0},"end":{"line":81,"column":22}}},"fnMap":{"0":{"name":"(anonymous_8)","decl":{"start":{"line":10,"column":16},"end":{"line":10,"column":23}},"loc":{"start":{"line":10,"column":76},"end":{"line":17,"column":2}}},"1":{"name":"(anonymous_9)","decl":{"start":{"line":10,"column":76},"end":{"line":10,"column":null}},"loc":{"start":{"line":10,"column":76},"end":{"line":17,"column":1}}},"2":{"name":"(anonymous_10)","decl":{"start":{"line":20,"column":19},"end":{"line":20,"column":26}},"loc":{"start":{"line":20,"column":57},"end":{"line":28,"column":2}}},"3":{"name":"(anonymous_11)","decl":{"start":{"line":20,"column":57},"end":{"line":20,"column":null}},"loc":{"start":{"line":20,"column":57},"end":{"line":28,"column":1}}},"4":{"name":"(anonymous_12)","decl":{"start":{"line":31,"column":31},"end":{"line":31,"column":38}},"loc":{"start":{"line":31,"column":73},"end":{"line":42,"column":2}}},"5":{"name":"(anonymous_13)","decl":{"start":{"line":31,"column":73},"end":{"line":31,"column":null}},"loc":{"start":{"line":31,"column":73},"end":{"line":42,"column":1}}},"6":{"name":"(anonymous_14)","decl":{"start":{"line":45,"column":33},"end":{"line":45,"column":40}},"loc":{"start":{"line":45,"column":75},"end":{"line":61,"column":2}}},"7":{"name":"(anonymous_15)","decl":{"start":{"line":45,"column":75},"end":{"line":45,"column":null}},"loc":{"start":{"line":45,"column":75},"end":{"line":61,"column":1}}},"8":{"name":"(anonymous_16)","decl":{"start":{"line":64,"column":39},"end":{"line":64,"column":46}},"loc":{"start":{"line":64,"column":81},"end":{"line":76,"column":2}}},"9":{"name":"(anonymous_17)","decl":{"start":{"line":64,"column":81},"end":{"line":64,"column":null}},"loc":{"start":{"line":64,"column":81},"end":{"line":76,"column":1}}}},"branchMap":{"0":{"loc":{"start":{"line":23,"column":4},"end":{"line":23,"column":null}},"type":"if","locations":[{"start":{"line":23,"column":4},"end":{"line":23,"column":null}}]},"1":{"loc":{"start":{"line":48,"column":4},"end":{"line":48,"column":null}},"type":"if","locations":[{"start":{"line":48,"column":4},"end":{"line":48,"column":null}}]},"2":{"loc":{"start":{"line":50,"column":4},"end":{"line":52,"column":null}},"type":"if","locations":[{"start":{"line":50,"column":4},"end":{"line":52,"column":null}}]},"3":{"loc":{"start":{"line":50,"column":8},"end":{"line":50,"column":68}},"type":"binary-expr","locations":[{"start":{"line":50,"column":8},"end":{"line":50,"column":38}},{"start":{"line":50,"column":42},"end":{"line":50,"column":68}}]},"4":{"loc":{"start":{"line":54,"column":17},"end":{"line":54,"column":45}},"type":"cond-expr","locations":[{"start":{"line":54,"column":31},"end":{"line":54,"column":35}},{"start":{"line":54,"column":35},"end":{"line":54,"column":45}}]},"5":{"loc":{"start":{"line":54,"column":17},"end":{"line":54,"column":35}},"type":"binary-expr","locations":[{"start":{"line":54,"column":17},"end":{"line":54,"column":35}},{"start":{"line":54,"column":31},"end":{"line":54,"column":35}}]},"6":{"loc":{"start":{"line":55,"column":16},"end":{"line":55,"column":42}},"type":"cond-expr","locations":[{"start":{"line":55,"column":29},"end":{"line":55,"column":33}},{"start":{"line":55,"column":33},"end":{"line":55,"column":42}}]},"7":{"loc":{"start":{"line":55,"column":16},"end":{"line":55,"column":33}},"type":"binary-expr","locations":[{"start":{"line":55,"column":16},"end":{"line":55,"column":33}},{"start":{"line":55,"column":29},"end":{"line":55,"column":33}}]},"8":{"loc":{"start":{"line":67,"column":4},"end":{"line":70,"column":null}},"type":"if","locations":[{"start":{"line":67,"column":4},"end":{"line":70,"column":null}}]}},"s":{"0":5,"1":5,"2":5,"3":5,"4":5,"5":5,"6":5,"7":2,"8":2,"9":2,"10":1,"11":1,"12":5,"13":2,"14":2,"15":2,"16":1,"17":1,"18":1,"19":0,"20":1,"21":5,"22":2,"23":2,"24":2,"25":1,"26":1,"27":5,"28":5,"29":5,"30":5,"31":4,"32":1,"33":1,"34":3,"35":1,"36":1,"37":2,"38":2,"39":2,"40":2,"41":1,"42":5,"43":3,"44":3,"45":3,"46":2,"47":1,"48":1,"49":1,"50":1,"51":1,"52":1,"53":5,"54":5},"f":{"0":2,"1":2,"2":2,"3":2,"4":2,"5":2,"6":5,"7":5,"8":3,"9":3},"b":{"0":[1],"1":[1],"2":[1],"3":[3,2],"4":[2,0],"5":[2,2],"6":[0,2],"7":[2,2],"8":[1]}}
,"/Users/toor/Documents/sem/Open Source Web Programming/pro/Final_Project/src/ports/rest/routes/user.ts": {"path":"/Users/toor/Documents/sem/Open Source Web Programming/pro/Final_Project/src/ports/rest/routes/user.ts","statementMap":{"0":{"start":{"line":1,"column":0},"end":{"line":1,"column":67}},"1":{"start":{"line":2,"column":0},"end":{"line":2,"column":28}},"2":{"start":{"line":3,"column":0},"end":{"line":3,"column":31}},"3":{"start":{"line":4,"column":0},"end":{"line":4,"column":67}},"4":{"start":{"line":6,"column":15},"end":{"line":6,"column":31}},"5":{"start":{"line":9,"column":0},"end":{"line":38,"column":3}},"6":{"start":{"line":9,"column":82},"end":{"line":38,"column":2}},"7":{"start":{"line":10,"column":2},"end":{"line":37,"column":null}},"8":{"start":{"line":11,"column":45},"end":{"line":11,"column":53}},"9":{"start":{"line":13,"column":21},"end":{"line":13,"column":63}},"10":{"start":{"line":14,"column":4},"end":{"line":17,"column":null}},"11":{"start":{"line":15,"column":6},"end":{"line":15,"column":67}},"12":{"start":{"line":16,"column":6},"end":{"line":16,"column":13}},"13":{"start":{"line":19,"column":25},"end":{"line":19,"column":60}},"14":{"start":{"line":21,"column":17},"end":{"line":26,"column":6}},"15":{"start":{"line":28,"column":4},"end":{"line":32,"column":7}},"16":{"start":{"line":35,"column":4},"end":{"line":35,"column":69}},"17":{"start":{"line":36,"column":4},"end":{"line":36,"column":64}},"18":{"start":{"line":41,"column":0},"end":{"line":76,"column":3}},"19":{"start":{"line":41,"column":81},"end":{"line":76,"column":2}},"20":{"start":{"line":42,"column":2},"end":{"line":75,"column":null}},"21":{"start":{"line":43,"column":39},"end":{"line":43,"column":47}},"22":{"start":{"line":45,"column":17},"end":{"line":45,"column":59}},"23":{"start":{"line":46,"column":4},"end":{"line":49,"column":null}},"24":{"start":{"line":47,"column":6},"end":{"line":47,"column":63}},"25":{"start":{"line":48,"column":6},"end":{"line":48,"column":13}},"26":{"start":{"line":51,"column":18},"end":{"line":51,"column":71}},"27":{"start":{"line":52,"column":4},"end":{"line":55,"column":null}},"28":{"start":{"line":53,"column":6},"end":{"line":53,"column":63}},"29":{"start":{"line":54,"column":6},"end":{"line":54,"column":13}},"30":{"start":{"line":57,"column":19},"end":{"line":57,"column":41}},"31":{"start":{"line":58,"column":4},"end":{"line":58,"column":62}},"32":{"start":{"line":58,"column":17},"end":{"line":58,"column":62}},"33":{"start":{"line":60,"column":18},"end":{"line":63,"column":null}},"34":{"start":{"line":66,"column":4},"end":{"line":70,"column":7}},"35":{"start":{"line":73,"column":4},"end":{"line":73,"column":68}},"36":{"start":{"line":74,"column":4},"end":{"line":74,"column":64}},"37":{"start":{"line":78,"column":0},"end":{"line":78,"column":16}}},"fnMap":{"0":{"name":"(anonymous_8)","decl":{"start":{"line":9,"column":23},"end":{"line":9,"column":30}},"loc":{"start":{"line":9,"column":82},"end":{"line":38,"column":2}}},"1":{"name":"(anonymous_9)","decl":{"start":{"line":9,"column":82},"end":{"line":9,"column":null}},"loc":{"start":{"line":9,"column":82},"end":{"line":38,"column":1}}},"2":{"name":"(anonymous_10)","decl":{"start":{"line":41,"column":22},"end":{"line":41,"column":29}},"loc":{"start":{"line":41,"column":81},"end":{"line":76,"column":2}}},"3":{"name":"(anonymous_11)","decl":{"start":{"line":41,"column":81},"end":{"line":41,"column":null}},"loc":{"start":{"line":41,"column":81},"end":{"line":76,"column":1}}}},"branchMap":{"0":{"loc":{"start":{"line":14,"column":4},"end":{"line":17,"column":null}},"type":"if","locations":[{"start":{"line":14,"column":4},"end":{"line":17,"column":null}}]},"1":{"loc":{"start":{"line":23,"column":13},"end":{"line":23,"column":60}},"type":"binary-expr","locations":[{"start":{"line":23,"column":13},"end":{"line":23,"column":27}},{"start":{"line":23,"column":31},"end":{"line":23,"column":60}}]},"2":{"loc":{"start":{"line":25,"column":12},"end":{"line":25,"column":26}},"type":"binary-expr","locations":[{"start":{"line":25,"column":12},"end":{"line":25,"column":16}},{"start":{"line":25,"column":20},"end":{"line":25,"column":26}}]},"3":{"loc":{"start":{"line":46,"column":4},"end":{"line":49,"column":null}},"type":"if","locations":[{"start":{"line":46,"column":4},"end":{"line":49,"column":null}}]},"4":{"loc":{"start":{"line":52,"column":4},"end":{"line":55,"column":null}},"type":"if","locations":[{"start":{"line":52,"column":4},"end":{"line":55,"column":null}}]},"5":{"loc":{"start":{"line":58,"column":4},"end":{"line":58,"column":62}},"type":"if","locations":[{"start":{"line":58,"column":4},"end":{"line":58,"column":62}}]}},"s":{"0":5,"1":5,"2":5,"3":5,"4":5,"5":5,"6":2,"7":2,"8":2,"9":2,"10":2,"11":1,"12":1,"13":1,"14":1,"15":1,"16":0,"17":0,"18":5,"19":3,"20":3,"21":3,"22":3,"23":3,"24":1,"25":1,"26":2,"27":2,"28":1,"29":1,"30":1,"31":1,"32":0,"33":1,"34":1,"35":0,"36":0,"37":5},"f":{"0":2,"1":2,"2":3,"3":3},"b":{"0":[1],"1":[1,1],"2":[1,1],"3":[1],"4":[1],"5":[0]}}
}
