TN:
SF:src/index.ts
FN:17,(anonymous_1)
FN:28,(anonymous_2)
FNF:2
FNH:1
FNDA:1,(anonymous_1)
FNDA:0,(anonymous_2)
DA:1,5
DA:2,5
DA:3,5
DA:4,5
DA:5,5
DA:6,5
DA:7,5
DA:9,5
DA:10,5
DA:11,5
DA:12,5
DA:14,5
DA:15,5
DA:17,5
DA:18,1
DA:21,5
DA:22,5
DA:23,5
DA:25,5
DA:27,5
DA:28,0
DA:29,0
DA:33,5
LF:23
LH:21
BRDA:27,0,0,0
BRF:1
BRH:0
end_of_record
TN:
SF:src/config/config.ts
FNF:0
FNH:0
DA:1,5
DA:3,5
DA:5,5
DA:6,5
DA:7,5
DA:8,5
DA:9,5
DA:11,5
LF:8
LH:8
BRDA:5,0,0,5
BRDA:5,0,1,0
BRDA:5,1,0,5
BRDA:5,1,1,5
BRDA:6,2,0,0
BRDA:6,2,1,5
BRDA:6,3,0,5
BRDA:6,3,1,5
BRDA:7,4,0,0
BRDA:7,4,1,5
BRDA:7,5,0,5
BRDA:7,5,1,5
BRDA:8,6,0,0
BRDA:8,6,1,5
BRDA:8,7,0,5
BRDA:8,7,1,5
BRF:16
BRH:12
end_of_record
TN:
SF:src/config/logger.ts
FN:7,(anonymous_1)
FNF:1
FNH:1
FNDA:6,(anonymous_1)
DA:1,5
DA:3,5
DA:8,6
DA:18,5
LF:4
LH:4
BRF:0
BRH:0
end_of_record
TN:
SF:src/infrastructure/mongodb/connection.ts
FN:6,(anonymous_7)
FN:6,(anonymous_8)
FNF:2
FNH:2
FNDA:5,(anonymous_7)
FNDA:5,(anonymous_8)
DA:1,5
DA:2,5
DA:4,5
DA:6,5
DA:7,5
DA:8,5
DA:9,0
DA:14,5
LF:8
LH:7
BRF:0
BRH:0
end_of_record
TN:
SF:src/infrastructure/mongodb/models/comment.ts
FNF:0
FNH:0
DA:1,5
DA:9,5
DA:15,5
LF:3
LH:3
BRF:0
BRH:0
end_of_record
TN:
SF:src/infrastructure/mongodb/models/post.ts
FNF:0
FNH:0
DA:1,5
DA:9,5
DA:15,5
LF:3
LH:3
BRF:0
BRH:0
end_of_record
TN:
SF:src/infrastructure/mongodb/models/postLike.ts
FNF:0
FNH:0
DA:1,5
DA:8,5
DA:13,5
LF:3
LH:3
BRF:0
BRH:0
end_of_record
TN:
SF:src/infrastructure/mongodb/models/user.ts
FNF:0
FNH:0
DA:1,5
DA:10,5
DA:17,5
LF:3
LH:3
BRF:0
BRH:0
end_of_record
TN:
SF:src/middleware/authMiddleware.ts
FN:8,(anonymous_1)
FN:30,(anonymous_2)
FNF:2
FNH:2
FNDA:30,(anonymous_1)
FNDA:6,(anonymous_2)
DA:2,6
DA:8,6
DA:9,30
DA:11,30
DA:12,5
DA:13,5
DA:16,25
DA:18,25
DA:19,25
DA:20,25
DA:22,23
DA:23,22
DA:24,22
DA:26,3
DA:30,6
DA:31,6
DA:32,3
DA:33,3
DA:35,3
LF:19
LH:19
BRDA:11,0,0,5
BRDA:11,1,0,30
BRDA:11,1,1,26
BRDA:20,2,0,2
BRDA:31,3,0,3
BRDA:31,4,0,0
BRDA:31,4,1,6
BRDA:31,5,0,6
BRDA:31,5,1,6
BRF:9
BRH:8
end_of_record
TN:
SF:src/ports/rest/routes/admin.ts
FN:12,(anonymous_8)
FN:12,(anonymous_9)
FN:30,(anonymous_10)
FN:30,(anonymous_11)
FNF:4
FNH:4
FNDA:1,(anonymous_8)
FNDA:1,(anonymous_9)
FNDA:1,(anonymous_10)
FNDA:1,(anonymous_11)
DA:1,5
DA:2,5
DA:3,5
DA:4,5
DA:5,5
DA:6,5
DA:7,5
DA:9,5
DA:12,5
DA:13,1
DA:14,1
DA:21,1
DA:22,1
DA:24,0
DA:25,0
DA:30,5
DA:31,1
DA:32,1
DA:33,1
DA:35,0
DA:36,0
DA:40,5
LF:22
LH:18
BRF:0
BRH:0
end_of_record
TN:
SF:src/ports/rest/routes/comment.ts
FN:9,(anonymous_8)
FN:9,(anonymous_9)
FN:20,(anonymous_10)
FN:20,(anonymous_11)
FN:36,(anonymous_12)
FN:36,(anonymous_13)
FN:56,(anonymous_14)
FN:56,(anonymous_15)
FNF:8
FNH:8
FNDA:2,(anonymous_8)
FNDA:2,(anonymous_9)
FNDA:1,(anonymous_10)
FNDA:1,(anonymous_11)
FNDA:4,(anonymous_12)
FNDA:4,(anonymous_13)
FNDA:2,(anonymous_14)
FNDA:2,(anonymous_15)
DA:1,5
DA:2,5
DA:3,5
DA:4,5
DA:6,5
DA:9,5
DA:10,2
DA:11,2
DA:12,1
DA:14,1
DA:15,1
DA:20,5
DA:21,1
DA:22,1
DA:27,1
DA:28,1
DA:30,0
DA:31,0
DA:36,5
DA:37,4
DA:38,4
DA:39,4
DA:41,3
DA:42,1
DA:45,2
DA:46,2
DA:47,2
DA:48,2
DA:50,0
DA:51,0
DA:56,5
DA:57,2
DA:58,2
DA:59,2
DA:61,2
DA:62,1
DA:65,1
DA:66,1
DA:67,1
DA:69,0
DA:70,0
DA:74,5
LF:42
LH:36
BRDA:39,0,0,1
BRDA:41,1,0,1
BRDA:41,2,0,3
BRDA:41,2,1,2
BRDA:45,3,0,2
BRDA:45,3,1,0
BRDA:45,4,0,2
BRDA:45,4,1,2
BRDA:59,5,0,0
BRDA:61,6,0,1
BRDA:61,7,0,2
BRDA:61,7,1,1
BRF:12
BRH:10
end_of_record
TN:
SF:src/ports/rest/routes/post.ts
FN:10,(anonymous_8)
FN:10,(anonymous_9)
FN:20,(anonymous_10)
FN:20,(anonymous_11)
FN:31,(anonymous_12)
FN:31,(anonymous_13)
FN:45,(anonymous_14)
FN:45,(anonymous_15)
FN:64,(anonymous_16)
FN:64,(anonymous_17)
FNF:10
FNH:10
FNDA:2,(anonymous_8)
FNDA:2,(anonymous_9)
FNDA:2,(anonymous_10)
FNDA:2,(anonymous_11)
FNDA:2,(anonymous_12)
FNDA:2,(anonymous_13)
FNDA:5,(anonymous_14)
FNDA:5,(anonymous_15)
FNDA:3,(anonymous_16)
FNDA:3,(anonymous_17)
DA:1,5
DA:2,5
DA:3,5
DA:4,5
DA:5,5
DA:7,5
DA:10,5
DA:11,2
DA:12,2
DA:13,1
DA:15,1
DA:20,5
DA:21,2
DA:22,2
DA:23,1
DA:24,0
DA:26,1
DA:31,5
DA:32,2
DA:33,2
DA:38,1
DA:40,1
DA:45,5
DA:46,5
DA:47,5
DA:48,4
DA:50,3
DA:51,1
DA:54,2
DA:55,2
DA:56,2
DA:57,2
DA:59,1
DA:64,5
DA:65,3
DA:66,3
DA:67,2
DA:68,1
DA:69,1
DA:71,1
DA:72,1
DA:74,1
DA:79,5
DA:81,5
LF:44
LH:43
BRDA:23,0,0,1
BRDA:48,1,0,1
BRDA:50,2,0,1
BRDA:50,3,0,3
BRDA:50,3,1,2
BRDA:54,4,0,2
BRDA:54,4,1,0
BRDA:54,5,0,2
BRDA:54,5,1,2
BRDA:55,6,0,0
BRDA:55,6,1,2
BRDA:55,7,0,2
BRDA:55,7,1,2
BRDA:67,8,0,1
BRF:14
BRH:12
end_of_record
TN:
SF:src/ports/rest/routes/user.ts
FN:9,(anonymous_8)
FN:9,(anonymous_9)
FN:41,(anonymous_10)
FN:41,(anonymous_11)
FNF:4
FNH:4
FNDA:2,(anonymous_8)
FNDA:2,(anonymous_9)
FNDA:3,(anonymous_10)
FNDA:3,(anonymous_11)
DA:1,5
DA:2,5
DA:3,5
DA:4,5
DA:6,5
DA:9,5
DA:10,2
DA:11,2
DA:13,2
DA:14,2
DA:15,1
DA:16,1
DA:19,1
DA:21,1
DA:28,1
DA:35,0
DA:36,0
DA:41,5
DA:42,3
DA:43,3
DA:45,3
DA:46,3
DA:47,1
DA:48,1
DA:51,2
DA:52,2
DA:53,1
DA:54,1
DA:57,1
DA:58,1
DA:60,1
DA:66,1
DA:73,0
DA:74,0
DA:78,5
LF:35
LH:31
BRDA:14,0,0,1
BRDA:23,1,0,1
BRDA:23,1,1,1
BRDA:25,2,0,1
BRDA:25,2,1,1
BRDA:46,3,0,1
BRDA:52,4,0,1
BRDA:58,5,0,0
BRF:8
BRH:7
end_of_record
